  Editor.c++
D:\4year1sem\computer_graphics\Primitives2d\_build\Editor.c++(18,18): warning C4244: инициализация: преобразование "int" в "float", возможна потеря данных
D:\4year1sem\computer_graphics\Primitives2d\_build\Editor.c++(19,18): warning C4244: инициализация: преобразование "int" в "float", возможна потеря данных
D:\4year1sem\computer_graphics\Primitives2d\_build\Editor.c++(35,18): warning C4244: инициализация: преобразование "int" в "float", возможна потеря данных
D:\4year1sem\computer_graphics\Primitives2d\_build\Editor.c++(36,18): warning C4244: инициализация: преобразование "int" в "float", возможна потеря данных
D:\4year1sem\computer_graphics\Primitives2d\_build\Editor.c++(64,18): warning C4244: инициализация: преобразование "int" в "float", возможна потеря данных
D:\4year1sem\computer_graphics\Primitives2d\_build\Editor.c++(65,18): warning C4244: инициализация: преобразование "int" в "float", возможна потеря данных
D:\4year1sem\computer_graphics\Primitives2d\_build\Editor.c++(193,22): warning C4244: инициализация: преобразование "int" в "float", возможна потеря данных
D:\4year1sem\computer_graphics\Primitives2d\_build\Editor.c++(194,22): warning C4244: инициализация: преобразование "int" в "float", возможна потеря данных
D:\4year1sem\computer_graphics\Primitives2d\_build\Editor.c++(209,27): warning C4018: <: несоответствие типов со знаком и без знака
D:\4year1sem\computer_graphics\Primitives2d\_build\Editor.c++(221,25): warning C4244: инициализация: преобразование "double" в "float", возможна потеря данных
D:\4year1sem\computer_graphics\Primitives2d\_build\Editor.c++(255,27): warning C4018: <: несоответствие типов со знаком и без знака
D:\4year1sem\computer_graphics\Primitives2d\_build\Editor.c++(267,25): warning C4244: инициализация: преобразование "double" в "float", возможна потеря данных
D:\4year1sem\computer_graphics\Primitives2d\_build\Editor.c++(301,27): warning C4018: <: несоответствие типов со знаком и без знака
D:\4year1sem\computer_graphics\Primitives2d\_build\Editor.c++(313,25): warning C4244: инициализация: преобразование "double" в "float", возможна потеря данных
D:\4year1sem\computer_graphics\Primitives2d\_build\Editor.c++(347,27): warning C4018: <: несоответствие типов со знаком и без знака
D:\4year1sem\computer_graphics\Primitives2d\_build\Editor.c++(371,25): warning C4244: инициализация: преобразование "double" в "float", возможна потеря данных
D:\4year1sem\computer_graphics\Primitives2d\_build\Editor.c++(383,27): warning C4018: <: несоответствие типов со знаком и без знака
D:\4year1sem\computer_graphics\Primitives2d\_build\Editor.c++(392,21): warning C4244: =: преобразование "double" в "int", возможна потеря данных
D:\4year1sem\computer_graphics\Primitives2d\_build\Editor.c++(395,27): warning C4018: <: несоответствие типов со знаком и без знака
D:\4year1sem\computer_graphics\Primitives2d\_build\Editor.c++(403,27): warning C4018: <: несоответствие типов со знаком и без знака
D:\4year1sem\computer_graphics\Primitives2d\_build\Editor.c++(428,88): warning C4244: аргумент: преобразование "float" в "int", возможна потеря данных
D:\4year1sem\computer_graphics\Primitives2d\_build\Editor.c++(428,70): warning C4244: аргумент: преобразование "float" в "int", возможна потеря данных
D:\4year1sem\computer_graphics\Primitives2d\_build\Editor.c++(428,56): warning C4244: аргумент: преобразование "float" в "int", возможна потеря данных
D:\4year1sem\computer_graphics\Primitives2d\_build\Editor.c++(428,42): warning C4244: аргумент: преобразование "float" в "int", возможна потеря данных
D:\4year1sem\computer_graphics\Primitives2d\_build\Editor.c++(429,65): warning C4244: аргумент: преобразование "float" в "int", возможна потеря данных
D:\4year1sem\computer_graphics\Primitives2d\_build\Editor.c++(429,51): warning C4244: аргумент: преобразование "float" в "int", возможна потеря данных
D:\4year1sem\computer_graphics\Primitives2d\_build\Editor.c++(429,35): warning C4244: аргумент: преобразование "float" в "int", возможна потеря данных
D:\4year1sem\computer_graphics\Primitives2d\_build\Editor.c++(430,88): warning C4244: аргумент: преобразование "float" в "int", возможна потеря данных
D:\4year1sem\computer_graphics\Primitives2d\_build\Editor.c++(430,69): warning C4244: аргумент: преобразование "float" в "int", возможна потеря данных
D:\4year1sem\computer_graphics\Primitives2d\_build\Editor.c++(430,54): warning C4244: аргумент: преобразование "float" в "int", возможна потеря данных
D:\4year1sem\computer_graphics\Primitives2d\_build\Editor.c++(430,39): warning C4244: аргумент: преобразование "float" в "int", возможна потеря данных
D:\4year1sem\computer_graphics\Primitives2d\_build\Editor.c++(431,72): warning C4244: аргумент: преобразование "float" в "int", возможна потеря данных
D:\4year1sem\computer_graphics\Primitives2d\_build\Editor.c++(431,56): warning C4244: аргумент: преобразование "float" в "int", возможна потеря данных
D:\4year1sem\computer_graphics\Primitives2d\_build\Editor.c++(431,37): warning C4244: аргумент: преобразование "float" в "int", возможна потеря данных
D:\4year1sem\computer_graphics\Primitives2d\_build\Editor.c++(435,60): warning C4244: аргумент: преобразование "float" в "int", возможна потеря данных
D:\4year1sem\computer_graphics\Primitives2d\_build\Editor.c++(435,48): warning C4244: аргумент: преобразование "float" в "int", возможна потеря данных
D:\4year1sem\computer_graphics\Primitives2d\_build\Editor.c++(435,40): warning C4244: аргумент: преобразование "float" в "int", возможна потеря данных
D:\4year1sem\computer_graphics\Primitives2d\_build\Editor.c++(435,32): warning C4244: аргумент: преобразование "float" в "int", возможна потеря данных
D:\4year1sem\computer_graphics\Primitives2d\_build\Editor.c++(436,61): warning C4244: аргумент: преобразование "float" в "int", возможна потеря данных
D:\4year1sem\computer_graphics\Primitives2d\_build\Editor.c++(436,41): warning C4244: аргумент: преобразование "float" в "int", возможна потеря данных
D:\4year1sem\computer_graphics\Primitives2d\_build\Editor.c++(436,30): warning C4244: аргумент: преобразование "float" в "int", возможна потеря данных
D:\4year1sem\computer_graphics\Primitives2d\_build\Editor.c++(436,22): warning C4244: аргумент: преобразование "float" в "int", возможна потеря данных
D:\4year1sem\computer_graphics\Primitives2d\_build\Editor.c++(437,76): warning C4244: аргумент: преобразование "float" в "int", возможна потеря данных
D:\4year1sem\computer_graphics\Primitives2d\_build\Editor.c++(437,60): warning C4244: аргумент: преобразование "float" в "int", возможна потеря данных
D:\4year1sem\computer_graphics\Primitives2d\_build\Editor.c++(437,48): warning C4244: аргумент: преобразование "float" в "int", возможна потеря данных
D:\4year1sem\computer_graphics\Primitives2d\_build\Editor.c++(437,36): warning C4244: аргумент: преобразование "float" в "int", возможна потеря данных
D:\4year1sem\computer_graphics\Primitives2d\_build\Editor.c++(440,80): warning C4244: аргумент: преобразование "float" в "int", возможна потеря данных
D:\4year1sem\computer_graphics\Primitives2d\_build\Editor.c++(440,63): warning C4244: аргумент: преобразование "float" в "int", возможна потеря данных
D:\4year1sem\computer_graphics\Primitives2d\_build\Editor.c++(440,50): warning C4244: аргумент: преобразование "float" в "int", возможна потеря данных
D:\4year1sem\computer_graphics\Primitives2d\_build\Editor.c++(440,37): warning C4244: аргумент: преобразование "float" в "int", возможна потеря данных
D:\4year1sem\computer_graphics\Primitives2d\_build\Editor.c++(441,68): warning C4244: аргумент: преобразование "float" в "int", возможна потеря данных
D:\4year1sem\computer_graphics\Primitives2d\_build\Editor.c++(441,54): warning C4244: аргумент: преобразование "float" в "int", возможна потеря данных
D:\4year1sem\computer_graphics\Primitives2d\_build\Editor.c++(441,44): warning C4244: аргумент: преобразование "float" в "int", возможна потеря данных
D:\4year1sem\computer_graphics\Primitives2d\_build\Editor.c++(441,34): warning C4244: аргумент: преобразование "float" в "int", возможна потеря данных
D:\4year1sem\computer_graphics\Primitives2d\_build\Editor.c++(442,63): warning C4244: аргумент: преобразование "float" в "int", возможна потеря данных
D:\4year1sem\computer_graphics\Primitives2d\_build\Editor.c++(442,34): warning C4244: аргумент: преобразование "float" в "int", возможна потеря данных
D:\4year1sem\computer_graphics\Primitives2d\_build\Editor.c++(446,68): warning C4244: аргумент: преобразование "float" в "int", возможна потеря данных
D:\4year1sem\computer_graphics\Primitives2d\_build\Editor.c++(446,54): warning C4244: аргумент: преобразование "float" в "int", возможна потеря данных
D:\4year1sem\computer_graphics\Primitives2d\_build\Editor.c++(446,44): warning C4244: аргумент: преобразование "float" в "int", возможна потеря данных
D:\4year1sem\computer_graphics\Primitives2d\_build\Editor.c++(446,34): warning C4244: аргумент: преобразование "float" в "int", возможна потеря данных
D:\4year1sem\computer_graphics\Primitives2d\_build\Editor.c++(447,50): warning C4244: аргумент: преобразование "float" в "int", возможна потеря данных
D:\4year1sem\computer_graphics\Primitives2d\_build\Editor.c++(447,36): warning C4244: аргумент: преобразование "float" в "int", возможна потеря данных
D:\4year1sem\computer_graphics\Primitives2d\_build\Editor.c++(448,115): warning C4244: аргумент: преобразование "float" в "int", возможна потеря данных
D:\4year1sem\computer_graphics\Primitives2d\_build\Editor.c++(448,94): warning C4244: аргумент: преобразование "float" в "int", возможна потеря данных
D:\4year1sem\computer_graphics\Primitives2d\_build\Editor.c++(448,74): warning C4244: аргумент: преобразование "float" в "int", возможна потеря данных
D:\4year1sem\computer_graphics\Primitives2d\_build\Editor.c++(448,58): warning C4244: аргумент: преобразование "float" в "int", возможна потеря данных
D:\4year1sem\computer_graphics\Primitives2d\_build\Editor.c++(449,84): warning C4244: аргумент: преобразование "float" в "int", возможна потеря данных
D:\4year1sem\computer_graphics\Primitives2d\_build\Editor.c++(449,66): warning C4244: аргумент: преобразование "float" в "int", возможна потеря данных
D:\4year1sem\computer_graphics\Primitives2d\_build\Editor.c++(449,52): warning C4244: аргумент: преобразование "float" в "int", возможна потеря данных
D:\4year1sem\computer_graphics\Primitives2d\_build\Editor.c++(449,38): warning C4244: аргумент: преобразование "float" в "int", возможна потеря данных
D:\4year1sem\computer_graphics\Primitives2d\_build\Editor.c++(450,50): warning C4244: аргумент: преобразование "float" в "int", возможна потеря данных
D:\4year1sem\computer_graphics\Primitives2d\_build\Editor.c++(450,36): warning C4244: аргумент: преобразование "float" в "int", возможна потеря данных
D:\4year1sem\computer_graphics\Primitives2d\_build\Editor.c++(458,27): warning C4018: <: несоответствие типов со знаком и без знака
D:\4year1sem\computer_graphics\Primitives2d\_build\Editor.c++(466,27): warning C4018: <: несоответствие типов со знаком и без знака
D:\4year1sem\computer_graphics\Primitives2d\_build\Editor.c++(474,27): warning C4018: <: несоответствие типов со знаком и без знака
D:\4year1sem\computer_graphics\Primitives2d\_build\Editor.c++(482,27): warning C4018: <: несоответствие типов со знаком и без знака
D:\4year1sem\computer_graphics\Primitives2d\_build\Editor.c++(138,15): warning C4101: clothestline: неиспользованная локальная переменная
  Line.cpp
D:\4year1sem\computer_graphics\Primitives2d\_build\Line.cpp(42,11): warning C4244: *=: преобразование "float" в "int", возможна потеря данных
D:\4year1sem\computer_graphics\Primitives2d\_build\Line.cpp(43,11): warning C4244: *=: преобразование "float" в "int", возможна потеря данных
D:\4year1sem\computer_graphics\Primitives2d\_build\Line.cpp(44,11): warning C4244: *=: преобразование "float" в "int", возможна потеря данных
D:\4year1sem\computer_graphics\Primitives2d\_build\Line.cpp(45,11): warning C4244: *=: преобразование "float" в "int", возможна потеря данных
D:\4year1sem\computer_graphics\Primitives2d\_build\Line.cpp(47,22): warning C4244: -=: преобразование "float" в "int", возможна потеря данных
D:\4year1sem\computer_graphics\Primitives2d\_build\Line.cpp(48,22): warning C4244: -=: преобразование "float" в "int", возможна потеря данных
D:\4year1sem\computer_graphics\Primitives2d\_build\Line.cpp(49,22): warning C4244: -=: преобразование "float" в "int", возможна потеря данных
D:\4year1sem\computer_graphics\Primitives2d\_build\Line.cpp(50,22): warning C4244: -=: преобразование "float" в "int", возможна потеря данных
D:\4year1sem\computer_graphics\Primitives2d\_build\Line.cpp(127,33): warning C4244: +=: преобразование "float" в "int", возможна потеря данных
D:\4year1sem\computer_graphics\Primitives2d\_build\Line.cpp(128,33): warning C4244: +=: преобразование "float" в "int", возможна потеря данных
D:\4year1sem\computer_graphics\Primitives2d\_build\Line.cpp(129,33): warning C4244: +=: преобразование "float" в "int", возможна потеря данных
D:\4year1sem\computer_graphics\Primitives2d\_build\Line.cpp(130,33): warning C4244: +=: преобразование "float" в "int", возможна потеря данных
  Square.cpp
D:\4year1sem\computer_graphics\Primitives2d\_build\Square.cpp(28,8): warning C4244: *=: преобразование "float" в "int", возможна потеря данных
D:\4year1sem\computer_graphics\Primitives2d\_build\Square.cpp(29,8): warning C4244: *=: преобразование "float" в "int", возможна потеря данных
D:\4year1sem\computer_graphics\Primitives2d\_build\Square.cpp(30,8): warning C4244: *=: преобразование "float" в "int", возможна потеря данных
D:\4year1sem\computer_graphics\Primitives2d\_build\Square.cpp(31,8): warning C4244: *=: преобразование "float" в "int", возможна потеря данных
D:\4year1sem\computer_graphics\Primitives2d\_build\Square.cpp(32,8): warning C4244: *=: преобразование "float" в "int", возможна потеря данных
D:\4year1sem\computer_graphics\Primitives2d\_build\Square.cpp(33,8): warning C4244: *=: преобразование "float" в "int", возможна потеря данных
D:\4year1sem\computer_graphics\Primitives2d\_build\Square.cpp(34,8): warning C4244: *=: преобразование "float" в "int", возможна потеря данных
D:\4year1sem\computer_graphics\Primitives2d\_build\Square.cpp(35,8): warning C4244: *=: преобразование "float" в "int", возможна потеря данных
D:\4year1sem\computer_graphics\Primitives2d\_build\Square.cpp(37,16): warning C4244: -=: преобразование "float" в "int", возможна потеря данных
D:\4year1sem\computer_graphics\Primitives2d\_build\Square.cpp(38,16): warning C4244: -=: преобразование "float" в "int", возможна потеря данных
D:\4year1sem\computer_graphics\Primitives2d\_build\Square.cpp(39,16): warning C4244: -=: преобразование "float" в "int", возможна потеря данных
D:\4year1sem\computer_graphics\Primitives2d\_build\Square.cpp(40,16): warning C4244: -=: преобразование "float" в "int", возможна потеря данных
D:\4year1sem\computer_graphics\Primitives2d\_build\Square.cpp(41,16): warning C4244: -=: преобразование "float" в "int", возможна потеря данных
D:\4year1sem\computer_graphics\Primitives2d\_build\Square.cpp(42,16): warning C4244: -=: преобразование "float" в "int", возможна потеря данных
D:\4year1sem\computer_graphics\Primitives2d\_build\Square.cpp(43,16): warning C4244: -=: преобразование "float" в "int", возможна потеря данных
D:\4year1sem\computer_graphics\Primitives2d\_build\Square.cpp(44,16): warning C4244: -=: преобразование "float" в "int", возможна потеря данных
D:\4year1sem\computer_graphics\Primitives2d\_build\Square.cpp(88,27): warning C4244: +=: преобразование "float" в "int", возможна потеря данных
D:\4year1sem\computer_graphics\Primitives2d\_build\Square.cpp(89,27): warning C4244: +=: преобразование "float" в "int", возможна потеря данных
D:\4year1sem\computer_graphics\Primitives2d\_build\Square.cpp(90,27): warning C4244: +=: преобразование "float" в "int", возможна потеря данных
D:\4year1sem\computer_graphics\Primitives2d\_build\Square.cpp(91,27): warning C4244: +=: преобразование "float" в "int", возможна потеря данных
D:\4year1sem\computer_graphics\Primitives2d\_build\Square.cpp(92,27): warning C4244: +=: преобразование "float" в "int", возможна потеря данных
D:\4year1sem\computer_graphics\Primitives2d\_build\Square.cpp(93,27): warning C4244: +=: преобразование "float" в "int", возможна потеря данных
D:\4year1sem\computer_graphics\Primitives2d\_build\Square.cpp(94,27): warning C4244: +=: преобразование "float" в "int", возможна потеря данных
D:\4year1sem\computer_graphics\Primitives2d\_build\Square.cpp(95,27): warning C4244: +=: преобразование "float" в "int", возможна потеря данных
  Triangle.cpp
D:\4year1sem\computer_graphics\Primitives2d\_build\Triangle.cpp(25,8): warning C4244: *=: преобразование "float" в "int", возможна потеря данных
D:\4year1sem\computer_graphics\Primitives2d\_build\Triangle.cpp(26,8): warning C4244: *=: преобразование "float" в "int", возможна потеря данных
D:\4year1sem\computer_graphics\Primitives2d\_build\Triangle.cpp(27,8): warning C4244: *=: преобразование "float" в "int", возможна потеря данных
D:\4year1sem\computer_graphics\Primitives2d\_build\Triangle.cpp(28,8): warning C4244: *=: преобразование "float" в "int", возможна потеря данных
D:\4year1sem\computer_graphics\Primitives2d\_build\Triangle.cpp(29,8): warning C4244: *=: преобразование "float" в "int", возможна потеря данных
D:\4year1sem\computer_graphics\Primitives2d\_build\Triangle.cpp(30,8): warning C4244: *=: преобразование "float" в "int", возможна потеря данных
D:\4year1sem\computer_graphics\Primitives2d\_build\Triangle.cpp(32,16): warning C4244: -=: преобразование "float" в "int", возможна потеря данных
D:\4year1sem\computer_graphics\Primitives2d\_build\Triangle.cpp(33,16): warning C4244: -=: преобразование "float" в "int", возможна потеря данных
D:\4year1sem\computer_graphics\Primitives2d\_build\Triangle.cpp(34,16): warning C4244: -=: преобразование "float" в "int", возможна потеря данных
D:\4year1sem\computer_graphics\Primitives2d\_build\Triangle.cpp(35,16): warning C4244: -=: преобразование "float" в "int", возможна потеря данных
D:\4year1sem\computer_graphics\Primitives2d\_build\Triangle.cpp(36,16): warning C4244: -=: преобразование "float" в "int", возможна потеря данных
D:\4year1sem\computer_graphics\Primitives2d\_build\Triangle.cpp(37,16): warning C4244: -=: преобразование "float" в "int", возможна потеря данных
D:\4year1sem\computer_graphics\Primitives2d\_build\Triangle.cpp(162,27): warning C4244: +=: преобразование "float" в "int", возможна потеря данных
D:\4year1sem\computer_graphics\Primitives2d\_build\Triangle.cpp(163,27): warning C4244: +=: преобразование "float" в "int", возможна потеря данных
D:\4year1sem\computer_graphics\Primitives2d\_build\Triangle.cpp(164,27): warning C4244: +=: преобразование "float" в "int", возможна потеря данных
D:\4year1sem\computer_graphics\Primitives2d\_build\Triangle.cpp(165,27): warning C4244: +=: преобразование "float" в "int", возможна потеря данных
D:\4year1sem\computer_graphics\Primitives2d\_build\Triangle.cpp(166,27): warning C4244: +=: преобразование "float" в "int", возможна потеря данных
D:\4year1sem\computer_graphics\Primitives2d\_build\Triangle.cpp(167,27): warning C4244: +=: преобразование "float" в "int", возможна потеря данных
D:\4year1sem\computer_graphics\Primitives2d\_build\Triangle.cpp(168,32): warning C4244: +=: преобразование "float" в "int", возможна потеря данных
D:\4year1sem\computer_graphics\Primitives2d\_build\Triangle.cpp(169,32): warning C4244: +=: преобразование "float" в "int", возможна потеря данных
  Создание кода...
  Primitives2d.vcxproj -> D:\4year1sem\computer_graphics\Primitives2d\_bin\Debug\Primitives2d.exe
